<?xml version="1.0" encoding="UTF-8"?>
<!-- Generated by org.testng.reporters.JUnitReportReporter -->
<testsuite hostname="DESKTOP-VVR1I9S" failures="0" tests="2" name="day29.Demo4" time="0.003" errors="0" timestamp="2022-05-09T20:15:23 IST" skipped="0">
  <testcase classname="day29.Demo4" name="testB" time="0.001"/>
  <system-out>
    <![CDATA[testB]]>
  </system-out>
  <testcase classname="day29.Demo4" name="testA" time="0.002"/>
  <system-out>
    <![CDATA[testA]]>
  </system-out>
</testsuite> <!-- day29.Demo4 -->
