<?xml version="1.0" encoding="UTF-8"?>
<!-- Generated by org.testng.reporters.JUnitReportReporter -->
<testsuite hostname="DESKTOP-VVR1I9S" failures="0" tests="3" name="day29.Demo1" time="0.003" errors="0" timestamp="2022-05-09T20:15:23 IST" skipped="0">
  <testcase classname="day29.Demo1" name="testB" time="0.000"/>
  <system-out>
    <![CDATA[Create User:Nakshatra]]>
  </system-out>
  <testcase classname="day29.Demo1" name="testB" time="0.001"/>
  <system-out>
    <![CDATA[Create User:Ravi]]>
  </system-out>
  <testcase classname="day29.Demo1" name="testB" time="0.002"/>
  <system-out>
    <![CDATA[Create User:Akash]]>
  </system-out>
</testsuite> <!-- day29.Demo1 -->
