<?xml version="1.0" encoding="UTF-8"?>
<!-- Generated by org.testng.reporters.JUnitReportReporter -->
<testsuite hostname="DESKTOP-VVR1I9S" failures="0" tests="3" name="day29.Demo2" time="0.013" errors="0" timestamp="2022-05-09T20:15:23 IST" skipped="0">
  <testcase classname="day29.Demo2" name="deleteUser" time="0.002"/>
  <system-out>
    <![CDATA[delete User]]>
  </system-out>
  <testcase classname="day29.Demo2" name="createUser" time="0.003"/>
  <system-out>
    <![CDATA[create User]]>
  </system-out>
  <testcase classname="day29.Demo2" name="createUser" time="0.008"/>
  <system-out>
    <![CDATA[create User]]>
  </system-out>
</testsuite> <!-- day29.Demo2 -->
