<?xml version="1.0" encoding="UTF-8"?>
<!-- Generated by org.testng.reporters.JUnitReportReporter -->
<testsuite hostname="DESKTOP-VVR1I9S" failures="0" tests="1" name="script.Demo1" time="8.331" errors="0" timestamp="2022-05-04T23:27:10 IST" skipped="0">
  <testcase classname="script.Demo1" name="test1" time="8.331"/>
  <system-out>
    <![CDATA[Google]]>
  </system-out>
</testsuite> <!-- script.Demo1 -->
